# JRE version: OpenJDK Runtime Environment GraalVM CE 22.3.0 (17.0.5+8) (build 17.0.5+8-jvmci-22.3-b08)
# Java VM: OpenJDK 64-Bit Server VM GraalVM CE 22.3.0 (17.0.5+8-jvmci-22.3-b08, mixed mode, sharing, tiered, jvmci, jvmci compiler, compressed oops, compressed class ptrs, parallel gc, linux-amd64)
GC Precious Log:
 CPUs: 4 total, 1 available
 Memory: 1024M
 Large Page Support: Disabled
 NUMA Support: Disabled
 Compressed Oops: Enabled (32-bit)
 Alignments: Space 512K, Generation 512K, Heap 2M
 Heap Min Capacity: 100M
 Heap Initial Capacity: 100M
 Heap Max Capacity: 512M
 Pre-touch: Disabled
 Parallel Workers: 1
Heap:
 PSYoungGen      total 94208K, used 53759K [0x00000000f5580000, 0x00000000fe200000, 0x0000000100000000)
  eden space 53760K, 99% used [0x00000000f5580000,0x00000000f89ffff8,0x00000000f8a00000)
  from space 40448K, 0% used [0x00000000fba80000,0x00000000fba80000,0x00000000fe200000)
  to   space 24576K, 0% used [0x00000000f8a00000,0x00000000f8a00000,0x00000000fa200000)
 ParOldGen       total 349696K, used 349696K [0x00000000e0000000, 0x00000000f5580000, 0x00000000f5580000)
  object space 349696K, 100% used [0x00000000e0000000,0x00000000f5580000,0x00000000f5580000)
 Metaspace       used 60422K, committed 61632K, reserved 1105920K
  class space    used 5508K, committed 6016K, reserved 1048576K
GC Heap History (20 events):
Event: 319.779 GC heap before
{Heap before GC invocations=173 (full 65):
 PSYoungGen      total 94208K, used 53760K [0x00000000f5580000, 0x00000000fe200000, 0x0000000100000000)
  eden space 53760K, 100% used [0x00000000f5580000,0x00000000f8a00000,0x00000000f8a00000)
  from space 40448K, 0% used [0x00000000fba80000,0x00000000fba80000,0x00000000fe200000)
  to   space 24576K, 0% used [0x00000000f8a00000,0x00000000f8a00000,0x00000000fa200000)
 ParOldGen       total 349696K, used 349689K [0x00000000e0000000, 0x00000000f5580000, 0x00000000f5580000)
  object space 349696K, 99% used [0x00000000e0000000,0x00000000f557e760,0x00000000f5580000)
 Metaspace       used 60421K, committed 61632K, reserved 1105920K
  class space    used 5508K, committed 6016K, reserved 1048576K
}
Event: 322.435 GC heap after
{Heap after GC invocations=173 (full 65):
 PSYoungGen      total 78336K, used 53759K [0x00000000f5580000, 0x00000000fe200000, 0x0000000100000000)
  eden space 53760K, 99% used [0x00000000f5580000,0x00000000f89fff50,0x00000000f8a00000)
  from space 24576K, 0% used [0x00000000f8a00000,0x00000000f8a00000,0x00000000fa200000)
  to   space 40448K, 0% used [0x00000000fba80000,0x00000000fba80000,0x00000000fe200000)
 ParOldGen       total 349696K, used 349689K [0x00000000e0000000, 0x00000000f5580000, 0x00000000f5580000)
  object space 349696K, 99% used [0x00000000e0000000,0x00000000f557e760,0x00000000f5580000)
 Metaspace       used 60421K, committed 61632K, reserved 1105920K
  class space    used 5508K, committed 6016K, reserved 1048576K
}
Event: 322.438 GC heap before
{Heap before GC invocations=174 (full 66):
 PSYoungGen      total 78336K, used 53759K [0x00000000f5580000, 0x00000000fe200000, 0x0000000100000000)
  eden space 53760K, 99% used [0x00000000f5580000,0x00000000f89fffe0,0x00000000f8a00000)
  from space 24576K, 0% used [0x00000000f8a00000,0x00000000f8a00000,0x00000000fa200000)
  to   space 40448K, 0% used [0x00000000fba80000,0x00000000fba80000,0x00000000fe200000)
 ParOldGen       total 349696K, used 349689K [0x00000000e0000000, 0x00000000f5580000, 0x00000000f5580000)
  object space 349696K, 99% used [0x00000000e0000000,0x00000000f557e760,0x00000000f5580000)
 Metaspace       used 60421K, committed 61632K, reserved 1105920K
  class space    used 5508K, committed 6016K, reserved 1048576K
}
Event: 325.699 GC heap after
{Heap after GC invocations=174 (full 66):
 PSYoungGen      total 94208K, used 53759K [0x00000000f5580000, 0x00000000fe200000, 0x0000000100000000)
  eden space 53760K, 99% used [0x00000000f5580000,0x00000000f89fffe0,0x00000000f8a00000)
  from space 40448K, 0% used [0x00000000fba80000,0x00000000fba80000,0x00000000fe200000)
  to   space 24576K, 0% used [0x00000000f8a00000,0x00000000f8a00000,0x00000000fa200000)
 ParOldGen       total 349696K, used 349689K [0x00000000e0000000, 0x00000000f5580000, 0x00000000f5580000)
  object space 349696K, 99% used [0x00000000e0000000,0x00000000f557e760,0x00000000f5580000)
 Metaspace       used 60421K, committed 61632K, reserved 1105920K
  class space    used 5508K, committed 6016K, reserved 1048576K
}
Event: 325.705 GC heap before
{Heap before GC invocations=175 (full 67):
 PSYoungGen      total 94208K, used 53760K [0x00000000f5580000, 0x00000000fe200000, 0x0000000100000000)
  eden space 53760K, 100% used [0x00000000f5580000,0x00000000f8a00000,0x00000000f8a00000)
  from space 40448K, 0% used [0x00000000fba80000,0x00000000fba80000,0x00000000fe200000)
  to   space 24576K, 0% used [0x00000000f8a00000,0x00000000f8a00000,0x00000000fa200000)
 ParOldGen       total 349696K, used 349692K [0x00000000e0000000, 0x00000000f5580000, 0x00000000f5580000)
  object space 349696K, 99% used [0x00000000e0000000,0x00000000f557f370,0x00000000f5580000)
 Metaspace       used 60421K, committed 61632K, reserved 1105920K
  class space    used 5508K, committed 6016K, reserved 1048576K
}
Event: 328.479 GC heap after
{Heap after GC invocations=175 (full 67):
 PSYoungGen      total 78336K, used 53759K [0x00000000f5580000, 0x00000000fe200000, 0x0000000100000000)
  eden space 53760K, 99% used [0x00000000f5580000,0x00000000f89ffde0,0x00000000f8a00000)
  from space 24576K, 0% used [0x00000000f8a00000,0x00000000f8a00000,0x00000000fa200000)
  to   space 40448K, 0% used [0x00000000fba80000,0x00000000fba80000,0x00000000fe200000)
 ParOldGen       total 349696K, used 349690K [0x00000000e0000000, 0x00000000f5580000, 0x00000000f5580000)
  object space 349696K, 99% used [0x00000000e0000000,0x00000000f557eb80,0x00000000f5580000)
 Metaspace       used 60421K, committed 61632K, reserved 1105920K
  class space    used 5508K, committed 6016K, reserved 1048576K
}
Event: 328.480 GC heap before
{Heap before GC invocations=176 (full 68):
 PSYoungGen      total 78336K, used 53759K [0x00000000f5580000, 0x00000000fe200000, 0x0000000100000000)
  eden space 53760K, 99% used [0x00000000f5580000,0x00000000f89ffff8,0x00000000f8a00000)
  from space 24576K, 0% used [0x00000000f8a00000,0x00000000f8a00000,0x00000000fa200000)
  to   space 40448K, 0% used [0x00000000fba80000,0x00000000fba80000,0x00000000fe200000)
 ParOldGen       total 349696K, used 349690K [0x00000000e0000000, 0x00000000f5580000, 0x00000000f5580000)
  object space 349696K, 99% used [0x00000000e0000000,0x00000000f557eb80,0x00000000f5580000)
 Metaspace       used 60421K, committed 61632K, reserved 1105920K
  class space    used 5508K, committed 6016K, reserved 1048576K
}
Event: 331.349 GC heap after
{Heap after GC invocations=176 (full 68):
 PSYoungGen      total 94208K, used 53759K [0x00000000f5580000, 0x00000000fe200000, 0x0000000100000000)
  eden space 53760K, 99% used [0x00000000f5580000,0x00000000f89fff10,0x00000000f8a00000)
  from space 40448K, 0% used [0x00000000fba80000,0x00000000fba80000,0x00000000fe200000)
  to   space 24576K, 0% used [0x00000000f8a00000,0x00000000f8a00000,0x00000000fa200000)
 ParOldGen       total 349696K, used 349690K [0x00000000e0000000, 0x00000000f5580000, 0x00000000f5580000)
  object space 349696K, 99% used [0x00000000e0000000,0x00000000f557eb80,0x00000000f5580000)
 Metaspace       used 60421K, committed 61632K, reserved 1105920K
  class space    used 5508K, committed 6016K, reserved 1048576K
}
Event: 331.350 GC heap before
{Heap before GC invocations=177 (full 69):
 PSYoungGen      total 94208K, used 53759K [0x00000000f5580000, 0x00000000fe200000, 0x0000000100000000)
  eden space 53760K, 99% used [0x00000000f5580000,0x00000000f89ffff0,0x00000000f8a00000)
  from space 40448K, 0% used [0x00000000fba80000,0x00000000fba80000,0x00000000fe200000)
  to   space 24576K, 0% used [0x00000000f8a00000,0x00000000f8a00000,0x00000000fa200000)
 ParOldGen       total 349696K, used 349690K [0x00000000e0000000, 0x00000000f5580000, 0x00000000f5580000)
  object space 349696K, 99% used [0x00000000e0000000,0x00000000f557eb80,0x00000000f5580000)
 Metaspace       used 60421K, committed 61632K, reserved 1105920K
  class space    used 5508K, committed 6016K, reserved 1048576K
}
Event: 334.359 GC heap after
{Heap after GC invocations=177 (full 69):
 PSYoungGen      total 78336K, used 53759K [0x00000000f5580000, 0x00000000fe200000, 0x0000000100000000)
  eden space 53760K, 99% used [0x00000000f5580000,0x00000000f89fffc0,0x00000000f8a00000)
  from space 24576K, 0% used [0x00000000f8a00000,0x00000000f8a00000,0x00000000fa200000)
  to   space 40448K, 0% used [0x00000000fba80000,0x00000000fba80000,0x00000000fe200000)
 ParOldGen       total 349696K, used 349690K [0x00000000e0000000, 0x00000000f5580000, 0x00000000f5580000)
  object space 349696K, 99% used [0x00000000e0000000,0x00000000f557eb80,0x00000000f5580000)
 Metaspace       used 60421K, committed 61632K, reserved 1105920K
  class space    used 5508K, committed 6016K, reserved 1048576K
}
Event: 334.360 GC heap before
{Heap before GC invocations=178 (full 70):
 PSYoungGen      total 78336K, used 53759K [0x00000000f5580000, 0x00000000fe200000, 0x0000000100000000)
  eden space 53760K, 99% used [0x00000000f5580000,0x00000000f89ffff0,0x00000000f8a00000)
  from space 24576K, 0% used [0x00000000f8a00000,0x00000000f8a00000,0x00000000fa200000)
  to   space 40448K, 0% used [0x00000000fba80000,0x00000000fba80000,0x00000000fe200000)
 ParOldGen       total 349696K, used 349690K [0x00000000e0000000, 0x00000000f5580000, 0x00000000f5580000)
  object space 349696K, 99% used [0x00000000e0000000,0x00000000f557eb80,0x00000000f5580000)
 Metaspace       used 60421K, committed 61632K, reserved 1105920K
  class space    used 5508K, committed 6016K, reserved 1048576K
}
Event: 337.039 GC heap after
{Heap after GC invocations=178 (full 70):
 PSYoungGen      total 94208K, used 53759K [0x00000000f5580000, 0x00000000fe200000, 0x0000000100000000)
  eden space 53760K, 99% used [0x00000000f5580000,0x00000000f89ffff0,0x00000000f8a00000)
  from space 40448K, 0% used [0x00000000fba80000,0x00000000fba80000,0x00000000fe200000)
  to   space 24576K, 0% used [0x00000000f8a00000,0x00000000f8a00000,0x00000000fa200000)
 ParOldGen       total 349696K, used 349690K [0x00000000e0000000, 0x00000000f5580000, 0x00000000f5580000)
  object space 349696K, 99% used [0x00000000e0000000,0x00000000f557eb80,0x00000000f5580000)
 Metaspace       used 60421K, committed 61632K, reserved 1105920K
  class space    used 5508K, committed 6016K, reserved 1048576K
}
Event: 337.039 GC heap before
{Heap before GC invocations=179 (full 71):
 PSYoungGen      total 94208K, used 53760K [0x00000000f5580000, 0x00000000fe200000, 0x0000000100000000)
  eden space 53760K, 100% used [0x00000000f5580000,0x00000000f8a00000,0x00000000f8a00000)
  from space 40448K, 0% used [0x00000000fba80000,0x00000000fba80000,0x00000000fe200000)
  to   space 24576K, 0% used [0x00000000f8a00000,0x00000000f8a00000,0x00000000fa200000)
 ParOldGen       total 349696K, used 349692K [0x00000000e0000000, 0x00000000f5580000, 0x00000000f5580000)
  object space 349696K, 99% used [0x00000000e0000000,0x00000000f557f3d8,0x00000000f5580000)
 Metaspace       used 60421K, committed 61632K, reserved 1105920K
  class space    used 5508K, committed 6016K, reserved 1048576K
}
Event: 339.886 GC heap after
{Heap after GC invocations=179 (full 71):
 PSYoungGen      total 78336K, used 53759K [0x00000000f5580000, 0x00000000fe200000, 0x0000000100000000)
  eden space 53760K, 99% used [0x00000000f5580000,0x00000000f89ffd80,0x00000000f8a00000)
  from space 24576K, 0% used [0x00000000f8a00000,0x00000000f8a00000,0x00000000fa200000)
  to   space 40448K, 0% used [0x00000000fba80000,0x00000000fba80000,0x00000000fe200000)
 ParOldGen       total 349696K, used 349692K [0x00000000e0000000, 0x00000000f5580000, 0x00000000f5580000)
  object space 349696K, 99% used [0x00000000e0000000,0x00000000f557f328,0x00000000f5580000)
 Metaspace       used 60421K, committed 61632K, reserved 1105920K
  class space    used 5508K, committed 6016K, reserved 1048576K
}
Event: 339.887 GC heap before
{Heap before GC invocations=180 (full 72):
 PSYoungGen      total 78336K, used 53759K [0x00000000f5580000, 0x00000000fe200000, 0x0000000100000000)
  eden space 53760K, 99% used [0x00000000f5580000,0x00000000f89ffec8,0x00000000f8a00000)
  from space 24576K, 0% used [0x00000000f8a00000,0x00000000f8a00000,0x00000000fa200000)
  to   space 40448K, 0% used [0x00000000fba80000,0x00000000fba80000,0x00000000fe200000)
 ParOldGen       total 349696K, used 349692K [0x00000000e0000000, 0x00000000f5580000, 0x00000000f5580000)
  object space 349696K, 99% used [0x00000000e0000000,0x00000000f557f328,0x00000000f5580000)
 Metaspace       used 60421K, committed 61632K, reserved 1105920K
  class space    used 5508K, committed 6016K, reserved 1048576K
}
Event: 342.369 GC heap after
{Heap after GC invocations=180 (full 72):
 PSYoungGen      total 94208K, used 53759K [0x00000000f5580000, 0x00000000fe200000, 0x0000000100000000)
  eden space 53760K, 99% used [0x00000000f5580000,0x00000000f89ffd98,0x00000000f8a00000)
  from space 40448K, 0% used [0x00000000fba80000,0x00000000fba80000,0x00000000fe200000)
  to   space 24576K, 0% used [0x00000000f8a00000,0x00000000f8a00000,0x00000000fa200000)
 ParOldGen       total 349696K, used 349692K [0x00000000e0000000, 0x00000000f5580000, 0x00000000f5580000)
  object space 349696K, 99% used [0x00000000e0000000,0x00000000f557f328,0x00000000f5580000)
 Metaspace       used 60421K, committed 61632K, reserved 1105920K
  class space    used 5508K, committed 6016K, reserved 1048576K
}
Event: 342.370 GC heap before
{Heap before GC invocations=181 (full 73):
 PSYoungGen      total 94208K, used 53759K [0x00000000f5580000, 0x00000000fe200000, 0x0000000100000000)
  eden space 53760K, 99% used [0x00000000f5580000,0x00000000f89ffff8,0x00000000f8a00000)
  from space 40448K, 0% used [0x00000000fba80000,0x00000000fba80000,0x00000000fe200000)
  to   space 24576K, 0% used [0x00000000f8a00000,0x00000000f8a00000,0x00000000fa200000)
 ParOldGen       total 349696K, used 349695K [0x00000000e0000000, 0x00000000f5580000, 0x00000000f5580000)
  object space 349696K, 99% used [0x00000000e0000000,0x00000000f557ff20,0x00000000f5580000)
 Metaspace       used 60422K, committed 61632K, reserved 1105920K
  class space    used 5508K, committed 6016K, reserved 1048576K
}
Event: 345.146 GC heap after
{Heap after GC invocations=181 (full 73):
 PSYoungGen      total 78336K, used 53759K [0x00000000f5580000, 0x00000000fe200000, 0x0000000100000000)
  eden space 53760K, 99% used [0x00000000f5580000,0x00000000f89fff20,0x00000000f8a00000)
  from space 24576K, 0% used [0x00000000f8a00000,0x00000000f8a00000,0x00000000fa200000)
  to   space 40448K, 0% used [0x00000000fba80000,0x00000000fba80000,0x00000000fe200000)
 ParOldGen       total 349696K, used 349695K [0x00000000e0000000, 0x00000000f5580000, 0x00000000f5580000)
  object space 349696K, 99% used [0x00000000e0000000,0x00000000f557feb0,0x00000000f5580000)
 Metaspace       used 60422K, committed 61632K, reserved 1105920K
  class space    used 5508K, committed 6016K, reserved 1048576K
}
Event: 345.146 GC heap before
{Heap before GC invocations=182 (full 74):
 PSYoungGen      total 78336K, used 53759K [0x00000000f5580000, 0x00000000fe200000, 0x0000000100000000)
  eden space 53760K, 99% used [0x00000000f5580000,0x00000000f89fff20,0x00000000f8a00000)
  from space 24576K, 0% used [0x00000000f8a00000,0x00000000f8a00000,0x00000000fa200000)
  to   space 40448K, 0% used [0x00000000fba80000,0x00000000fba80000,0x00000000fe200000)
 ParOldGen       total 349696K, used 349695K [0x00000000e0000000, 0x00000000f5580000, 0x00000000f5580000)
  object space 349696K, 99% used [0x00000000e0000000,0x00000000f557feb0,0x00000000f5580000)
 Metaspace       used 60422K, committed 61632K, reserved 1105920K
  class space    used 5508K, committed 6016K, reserved 1048576K
}
Event: 348.581 GC heap after
{Heap after GC invocations=182 (full 74):
 PSYoungGen      total 94208K, used 53759K [0x00000000f5580000, 0x00000000fe200000, 0x0000000100000000)
  eden space 53760K, 99% used [0x00000000f5580000,0x00000000f89fff20,0x00000000f8a00000)
  from space 40448K, 0% used [0x00000000fba80000,0x00000000fba80000,0x00000000fe200000)
  to   space 24576K, 0% used [0x00000000f8a00000,0x00000000f8a00000,0x00000000fa200000)
 ParOldGen       total 349696K, used 349695K [0x00000000e0000000, 0x00000000f5580000, 0x00000000f5580000)
  object space 349696K, 99% used [0x00000000e0000000,0x00000000f557feb0,0x00000000f5580000)
 Metaspace       used 60422K, committed 61632K, reserved 1105920K
  class space    used 5508K, committed 6016K, reserved 1048576K
}

